<?xml version="1.0" encoding="UTF-8"?>
<!-- Generated by org.testng.reporters.JUnitXMLReporter -->
<testsuite hostname="DESKTOP-9HTBPRE" name="Test" tests="4" failures="0" timestamp="21 Nov 2019 08:07:34 GMT" time="0.052" errors="0">
  <testcase name="write" time="0.016" classname="spiceJet.RND"/>
  <testcase name="xyz" time="0.0" classname="spiceJet.RND"/>
  <testcase name="write" time="0.004" classname="spiceJet.Home2"/>
  <testcase name="xyz" time="0.0" classname="spiceJet.Home2"/>
</testsuite> <!-- Test -->
