<?xml version="1.0" encoding="UTF-8"?>
<testng-results skipped="0" failed="0" total="1" passed="1">
  <reporter-output>
  </reporter-output>
  <suite name="Suite" duration-ms="21692" started-at="2019-11-20T04:42:31Z" finished-at="2019-11-20T04:42:53Z">
    <groups>
    </groups>
    <test name="Test2" duration-ms="21692" started-at="2019-11-20T04:42:31Z" finished-at="2019-11-20T04:42:53Z">
      <class name="spiceJet.HomeNew">
        <test-method status="PASS" signature="closeBrowser()[pri:0, instance:spiceJet.HomeNew@506e6d5e]" name="closeBrowser" is-config="true" duration-ms="18" started-at="2019-11-20T10:12:31Z" finished-at="2019-11-20T10:12:32Z">
          <reporter-output>
          </reporter-output>
        </test-method> <!-- closeBrowser -->
        <test-method status="PASS" signature="testt()[pri:0, instance:spiceJet.HomeNew@506e6d5e]" name="testt" is-config="true" duration-ms="0" started-at="2019-11-20T10:12:32Z" finished-at="2019-11-20T10:12:32Z">
          <reporter-output>
          </reporter-output>
        </test-method> <!-- testt -->
        <test-method status="PASS" signature="doubleclick()[pri:0, instance:spiceJet.HomeNew@506e6d5e]" name="doubleclick" duration-ms="21655" started-at="2019-11-20T10:12:32Z" finished-at="2019-11-20T10:12:53Z">
          <reporter-output>
          </reporter-output>
        </test-method> <!-- doubleclick -->
      </class> <!-- spiceJet.HomeNew -->
    </test> <!-- Test2 -->
  </suite> <!-- Suite -->
</testng-results>
