<?xml version="1.0" encoding="UTF-8"?>
<testng-results skipped="0" failed="0" total="1" passed="1">
  <reporter-output>
  </reporter-output>
  <suite name="Default suite" duration-ms="11649" started-at="2019-11-17T05:46:08Z" finished-at="2019-11-17T05:46:20Z">
    <groups>
    </groups>
    <test name="Default test" duration-ms="11649" started-at="2019-11-17T05:46:08Z" finished-at="2019-11-17T05:46:20Z">
      <class name="spiceJet.HomePage">
        <test-method status="PASS" signature="hoveronElemet()[pri:0, instance:spiceJet.HomePage@5ae9a829]" name="hoveronElemet" duration-ms="11624" started-at="2019-11-17T11:16:08Z" finished-at="2019-11-17T11:16:20Z">
          <reporter-output>
          </reporter-output>
        </test-method> <!-- hoveronElemet -->
      </class> <!-- spiceJet.HomePage -->
    </test> <!-- Default test -->
  </suite> <!-- Default suite -->
</testng-results>
